[console] Failed to load resource: the server responded with a status of 404 (Not Found)
[console] Failed to load resource: the server responded with a status of 404 (Not Found)
[console] Failed to load resource: the server responded with a status of 404 (Not Found)
[console] Failed to load resource: the server responded with a status of 404 (Not Found)
[console] A tree hydrated but some attributes of the server rendered HTML didn't match the client properties. This won't be patched up. This can happen if a SSR-ed Client Component used:

- A server/client branch `if (typeof window !== 'undefined')`.
- Variable input such as `Date.now()` or `Math.random()` which changes each time it's called.
- Date formatting in a user's locale which doesn't match the server.
- External changing data without sending a snapshot of it along with the HTML.
- Invalid HTML tag nesting.

It can also happen if the client has a browser extension installed which messes with the HTML before React loaded.

%s%s https://react.dev/link/hydration-mismatch 

  ...
    <LayoutWrapper>
      <AdminBarGate>
      <HeaderClient>
      <main>
      <Footer>
        <FooterClient footer={{id:1, ...}} header={{id:1, ...}} locale="de">
          <footer className="footer-ele..." style={{...}}>
            <FooterBounce>
              <div className="footer-bou...">
                <div className="container">
                  <div className={"grid gri..."}>
                    <div>
                    <div className="md:col-spa...">
                      <div className="grid gap-8...">
                        <div>
                        <div>
                        <div>
                        <div>
                        <div>
                        <div>
                        <div className="flex min-w...">
                          <div className="group flex...">
                            <div>
                            <div className="min-w-0 fl...">
                              <h3>
                              <div className="flex flex-...">
                                <div>
                                <form className="flex min-w..." onSubmit={function onSubmit}>
                                  <input
                                    type="email"
                                    name="newsletter-email"
                                    placeholder="E-Mail-Adresse"
                                    className="footer-newsletter-input h-10 w-full min-w-0 max-w-full rounded-full px-..."
                                    disabled={false}
-                                   style={{}}
                                  >
                                  ...
                  ...

[console] Failed to load resource: the server responded with a status of 404 (Not Found)
[console] Failed to load resource: the server responded with a status of 404 (Not Found)
[console] Failed to load resource: the server responded with a status of 404 (Not Found)
[console] Failed to load resource: the server responded with a status of 404 (Not Found)
[pageerror] Invalid or unexpected token
[console] Failed to load resource: the server responded with a status of 404 (Not Found)
[console] Failed to load resource: the server responded with a status of 404 (Not Found)
[console] Failed to load resource: the server responded with a status of 404 (Not Found)
[console] Failed to load resource: the server responded with a status of 404 (Not Found)
[console] Failed to load resource: the server responded with a status of 404 (Not Found)
[pageerror] Invalid or unexpected token
[console] Failed to load resource: the server responded with a status of 404 (Not Found)
[pageerror] Invalid or unexpected token
[console] Failed to load resource: the server responded with a status of 404 (Not Found)